<?xml version='1.0' encoding='UTF-8'?>
<testsuite hostname="ca2025" name="PE_dual_bufferTest" tests="1" errors="0" failures="0" skipped="0" time="3.387" timestamp="2026-01-21T09:41:35">
          <properties>
[...]
</properties>
          <testcase classname="PE_dual_bufferTest" name="PE_dual_buffer should perform computation while background loading weights" time="3.387">
                      
                    </testcase>
          <system-out><![CDATA[]]></system-out>
          <system-err><![CDATA[]]></system-err>
        </testsuite>